2019-07-15 11:43:39,785 [main] INFO  [c.u.j.c.EnableEncryptablePropertiesConfiguration] EnableEncryptablePropertiesConfiguration.java:69 - Bootstraping jasypt-string-boot auto configuration in context: config-center-1
2019-07-15 11:43:39,788 [main] INFO  [com.kj.config.center.ConfigApplication] SpringApplication.java:650 - The following profiles are active: local
2019-07-15 11:43:40,536 [main] WARN  [o.springframework.boot.actuate.endpoint.EndpointId] EndpointId.java:131 - Endpoint ID 'service-registry' contains invalid characters, please migrate to a valid format.
2019-07-15 11:43:40,626 [main] WARN  [o.springframework.boot.actuate.endpoint.EndpointId] EndpointId.java:131 - Endpoint ID 'hystrix.stream' contains invalid characters, please migrate to a valid format.
2019-07-15 11:43:40,863 [main] INFO  [o.springframework.cloud.context.scope.GenericScope] GenericScope.java:295 - BeanFactory id=6753d12e-24fb-38df-a854-efd29d500318
2019-07-15 11:43:40,870 [main] INFO  [c.u.j.c.EnableEncryptablePropertiesBeanFactoryPostProcessor] EnableEncryptablePropertiesBeanFactoryPostProcessor.java:50 - Post-processing PropertySource instances
2019-07-15 11:43:40,888 [main] INFO  [c.u.j.EncryptablePropertySourceConverter] EncryptablePropertySourceConverter.java:38 - Converting PropertySource configurationProperties [org.springframework.boot.context.properties.source.ConfigurationPropertySourcesPropertySource] to AOP Proxy
2019-07-15 11:43:40,889 [main] INFO  [c.u.j.EncryptablePropertySourceConverter] EncryptablePropertySourceConverter.java:38 - Converting PropertySource servletConfigInitParams [org.springframework.core.env.PropertySource$StubPropertySource] to EncryptablePropertySourceWrapper
2019-07-15 11:43:40,889 [main] INFO  [c.u.j.EncryptablePropertySourceConverter] EncryptablePropertySourceConverter.java:38 - Converting PropertySource servletContextInitParams [org.springframework.core.env.PropertySource$StubPropertySource] to EncryptablePropertySourceWrapper
2019-07-15 11:43:40,890 [main] INFO  [c.u.j.EncryptablePropertySourceConverter] EncryptablePropertySourceConverter.java:38 - Converting PropertySource systemProperties [org.springframework.core.env.PropertiesPropertySource] to EncryptableMapPropertySourceWrapper
2019-07-15 11:43:40,890 [main] INFO  [c.u.j.EncryptablePropertySourceConverter] EncryptablePropertySourceConverter.java:38 - Converting PropertySource systemEnvironment [org.springframework.boot.env.SystemEnvironmentPropertySourceEnvironmentPostProcessor$OriginAwareSystemEnvironmentPropertySource] to EncryptableMapPropertySourceWrapper
2019-07-15 11:43:40,890 [main] INFO  [c.u.j.EncryptablePropertySourceConverter] EncryptablePropertySourceConverter.java:38 - Converting PropertySource random [org.springframework.boot.env.RandomValuePropertySource] to EncryptablePropertySourceWrapper
2019-07-15 11:43:40,890 [main] INFO  [c.u.j.EncryptablePropertySourceConverter] EncryptablePropertySourceConverter.java:38 - Converting PropertySource configServerClient [org.springframework.core.env.MapPropertySource] to EncryptableMapPropertySourceWrapper
2019-07-15 11:43:40,890 [main] INFO  [c.u.j.EncryptablePropertySourceConverter] EncryptablePropertySourceConverter.java:38 - Converting PropertySource springCloudClientHostInfo [org.springframework.core.env.MapPropertySource] to EncryptableMapPropertySourceWrapper
2019-07-15 11:43:40,891 [main] INFO  [c.u.j.EncryptablePropertySourceConverter] EncryptablePropertySourceConverter.java:38 - Converting PropertySource defaultProperties [org.springframework.core.env.MapPropertySource] to EncryptableMapPropertySourceWrapper
2019-07-15 11:43:40,901 [main] INFO  [c.u.j.filter.DefaultLazyPropertyFilter] DefaultLazyPropertyFilter.java:31 - Property Filter custom Bean not found with name 'encryptablePropertyFilter'. Initializing Default Property Filter
2019-07-15 11:43:41,231 [main] INFO  [o.s.c.s.PostProcessorRegistrationDelegate$BeanPostProcessorChecker] PostProcessorRegistrationDelegate.java:330 - Bean 'org.springframework.cloud.autoconfigure.ConfigurationPropertiesRebinderAutoConfiguration' of type [org.springframework.cloud.autoconfigure.ConfigurationPropertiesRebinderAutoConfiguration$$EnhancerBySpringCGLIB$$e5320db5] is not eligible for getting processed by all BeanPostProcessors (for example: not eligible for auto-proxying)
2019-07-15 11:43:41,642 [main] WARN  [io.undertow.websockets.jsr] Bootstrap.java:68 - UT026010: Buffer pool was not set on WebSocketDeploymentInfo, the default pool will be used
2019-07-15 11:43:41,665 [main] INFO  [io.undertow.servlet] ServletContextImpl.java:364 - Initializing Spring embedded WebApplicationContext
2019-07-15 11:43:41,665 [main] INFO  [org.springframework.web.context.ContextLoader] ServletWebServerApplicationContext.java:283 - Root WebApplicationContext: initialization completed in 1862 ms
2019-07-15 11:43:41,831 [main] WARN  [com.netflix.config.sources.URLConfigurationSource] URLConfigurationSource.java:121 - No URLs will be polled as dynamic configuration sources.
2019-07-15 11:43:41,832 [main] INFO  [com.netflix.config.sources.URLConfigurationSource] URLConfigurationSource.java:122 - To enable URLs as dynamic configuration sources, define System property archaius.configurationSource.additionalUrls or make config.properties available on classpath.
2019-07-15 11:43:41,847 [main] INFO  [com.netflix.config.DynamicPropertyFactory] DynamicPropertyFactory.java:281 - DynamicPropertyFactory is initialized with configuration sources: com.netflix.config.ConcurrentCompositeConfiguration@773014d3
2019-07-15 11:43:41,933 [main] INFO  [c.u.j.resolver.DefaultLazyPropertyResolver] DefaultLazyPropertyResolver.java:31 - Property Resolver custom Bean not found with name 'encryptablePropertyResolver'. Initializing Default Property Resolver
2019-07-15 11:43:41,934 [main] INFO  [c.u.j.detector.DefaultLazyPropertyDetector] DefaultLazyPropertyDetector.java:30 - Property Detector custom Bean not found with name 'encryptablePropertyDetector'. Initializing Default Property Detector
2019-07-15 11:43:43,493 [main] WARN  [com.netflix.config.sources.URLConfigurationSource] URLConfigurationSource.java:121 - No URLs will be polled as dynamic configuration sources.
2019-07-15 11:43:43,493 [main] INFO  [com.netflix.config.sources.URLConfigurationSource] URLConfigurationSource.java:122 - To enable URLs as dynamic configuration sources, define System property archaius.configurationSource.additionalUrls or make config.properties available on classpath.
2019-07-15 11:43:43,754 [main] INFO  [o.s.scheduling.concurrent.ThreadPoolTaskExecutor] ExecutorConfigurationSupport.java:171 - Initializing ExecutorService 'applicationTaskExecutor'
2019-07-15 11:43:44,727 [main] INFO  [o.s.b.actuate.endpoint.web.EndpointLinksResolver] EndpointLinksResolver.java:58 - Exposing 2 endpoint(s) beneath base path '/actuator'
2019-07-15 11:43:44,863 [main] INFO  [o.s.cloud.netflix.eureka.InstanceInfoFactory] InstanceInfoFactory.java:72 - Setting initial instance status as: STARTING
2019-07-15 11:43:44,912 [main] INFO  [com.netflix.discovery.DiscoveryClient] DiscoveryClient.java:365 - Initializing Eureka in region us-east-1
2019-07-15 11:43:44,984 [main] INFO  [c.n.discovery.provider.DiscoveryJerseyProvider] DiscoveryJerseyProvider.java:70 - Using JSON encoding codec LegacyJacksonJson
2019-07-15 11:43:44,985 [main] INFO  [c.n.discovery.provider.DiscoveryJerseyProvider] DiscoveryJerseyProvider.java:71 - Using JSON decoding codec LegacyJacksonJson
2019-07-15 11:43:45,120 [main] INFO  [c.n.discovery.provider.DiscoveryJerseyProvider] DiscoveryJerseyProvider.java:80 - Using XML encoding codec XStreamXml
2019-07-15 11:43:45,121 [main] INFO  [c.n.discovery.provider.DiscoveryJerseyProvider] DiscoveryJerseyProvider.java:81 - Using XML decoding codec XStreamXml
2019-07-15 11:43:45,308 [main] INFO  [c.n.d.shared.resolver.aws.ConfigClusterResolver] ConfigClusterResolver.java:43 - Resolving eureka endpoints via configuration
2019-07-15 11:43:45,408 [main] INFO  [com.netflix.discovery.DiscoveryClient] DiscoveryClient.java:976 - Disable delta property : false
2019-07-15 11:43:45,409 [main] INFO  [com.netflix.discovery.DiscoveryClient] DiscoveryClient.java:977 - Single vip registry refresh property : null
2019-07-15 11:43:45,409 [main] INFO  [com.netflix.discovery.DiscoveryClient] DiscoveryClient.java:978 - Force full registry fetch : false
2019-07-15 11:43:45,410 [main] INFO  [com.netflix.discovery.DiscoveryClient] DiscoveryClient.java:979 - Application is null : false
2019-07-15 11:43:45,410 [main] INFO  [com.netflix.discovery.DiscoveryClient] DiscoveryClient.java:980 - Registered Applications size is zero : true
2019-07-15 11:43:45,411 [main] INFO  [com.netflix.discovery.DiscoveryClient] DiscoveryClient.java:982 - Application version is -1: true
2019-07-15 11:43:45,412 [main] INFO  [com.netflix.discovery.DiscoveryClient] DiscoveryClient.java:1065 - Getting all instance registry info from the eureka server
2019-07-15 11:43:45,636 [main] INFO  [com.netflix.discovery.DiscoveryClient] DiscoveryClient.java:1074 - The response status is 200
2019-07-15 11:43:45,638 [main] INFO  [com.netflix.discovery.DiscoveryClient] DiscoveryClient.java:1288 - Starting heartbeat executor: renew interval is: 30
2019-07-15 11:43:45,641 [main] INFO  [com.netflix.discovery.InstanceInfoReplicator] InstanceInfoReplicator.java:60 - InstanceInfoReplicator onDemand update allowed rate per min is 4
2019-07-15 11:43:45,645 [main] INFO  [com.netflix.discovery.DiscoveryClient] DiscoveryClient.java:465 - Discovery Client initialized at timestamp 1563162225644 with initial instances count: 0
2019-07-15 11:43:45,652 [main] INFO  [o.s.c.n.e.serviceregistry.EurekaServiceRegistry] EurekaServiceRegistry.java:41 - Registering application CONFIG-CENTER with eureka with status UP
2019-07-15 11:43:45,653 [main] INFO  [com.netflix.discovery.DiscoveryClient] DiscoveryClient.java:1323 - Saw local status change event StatusChangeEvent [timestamp=1563162225652, current=UP, previous=STARTING]
2019-07-15 11:43:45,655 [DiscoveryClient-InstanceInfoReplicator-0] INFO  [com.netflix.discovery.DiscoveryClient] DiscoveryClient.java:844 - DiscoveryClient_CONFIG-CENTER/DESKTOP-GBQBQLK:config-center:8888: registering service...
2019-07-15 11:43:45,731 [main] INFO  [org.xnio] Xnio.java:104 - XNIO version 3.3.8.Final
2019-07-15 11:43:45,742 [main] INFO  [org.xnio.nio] NioXnio.java:55 - XNIO NIO Implementation Version 3.3.8.Final
2019-07-15 11:43:45,797 [main] INFO  [o.s.b.w.embedded.undertow.UndertowServletWebServer] UndertowServletWebServer.java:144 - Undertow started on port(s) 8888 (http) with context path ''
2019-07-15 11:43:45,798 [main] INFO  [o.s.c.n.e.s.EurekaAutoServiceRegistration] EurekaAutoServiceRegistration.java:145 - Updating port to 8888
2019-07-15 11:43:45,800 [main] INFO  [com.kj.config.center.ConfigApplication] StartupInfoLogger.java:59 - Started ConfigApplication in 7.244 seconds (JVM running for 7.684)
2019-07-15 11:43:45,840 [DiscoveryClient-InstanceInfoReplicator-0] INFO  [com.netflix.discovery.DiscoveryClient] DiscoveryClient.java:853 - DiscoveryClient_CONFIG-CENTER/DESKTOP-GBQBQLK:config-center:8888 - registration status: 204
2019-07-15 11:44:15,640 [DiscoveryClient-CacheRefreshExecutor-0] INFO  [com.netflix.discovery.DiscoveryClient] DiscoveryClient.java:976 - Disable delta property : false
2019-07-15 11:44:15,641 [DiscoveryClient-CacheRefreshExecutor-0] INFO  [com.netflix.discovery.DiscoveryClient] DiscoveryClient.java:977 - Single vip registry refresh property : null
2019-07-15 11:44:15,642 [DiscoveryClient-CacheRefreshExecutor-0] INFO  [com.netflix.discovery.DiscoveryClient] DiscoveryClient.java:978 - Force full registry fetch : false
2019-07-15 11:44:15,642 [DiscoveryClient-CacheRefreshExecutor-0] INFO  [com.netflix.discovery.DiscoveryClient] DiscoveryClient.java:979 - Application is null : false
2019-07-15 11:44:15,643 [DiscoveryClient-CacheRefreshExecutor-0] INFO  [com.netflix.discovery.DiscoveryClient] DiscoveryClient.java:980 - Registered Applications size is zero : true
2019-07-15 11:44:15,643 [DiscoveryClient-CacheRefreshExecutor-0] INFO  [com.netflix.discovery.DiscoveryClient] DiscoveryClient.java:982 - Application version is -1: false
2019-07-15 11:44:15,644 [DiscoveryClient-CacheRefreshExecutor-0] INFO  [com.netflix.discovery.DiscoveryClient] DiscoveryClient.java:1065 - Getting all instance registry info from the eureka server
2019-07-15 11:44:15,865 [DiscoveryClient-CacheRefreshExecutor-0] INFO  [com.netflix.discovery.DiscoveryClient] DiscoveryClient.java:1074 - The response status is 200
2019-07-15 11:48:31,938 [main] INFO  [c.u.j.c.EnableEncryptablePropertiesConfiguration] EnableEncryptablePropertiesConfiguration.java:69 - Bootstraping jasypt-string-boot auto configuration in context: config-center-1
2019-07-15 11:48:31,939 [main] INFO  [com.kj.config.center.ConfigApplication] SpringApplication.java:650 - The following profiles are active: local
2019-07-15 11:48:32,656 [main] WARN  [o.springframework.boot.actuate.endpoint.EndpointId] EndpointId.java:131 - Endpoint ID 'service-registry' contains invalid characters, please migrate to a valid format.
2019-07-15 11:48:32,766 [main] WARN  [o.springframework.boot.actuate.endpoint.EndpointId] EndpointId.java:131 - Endpoint ID 'hystrix.stream' contains invalid characters, please migrate to a valid format.
2019-07-15 11:48:32,992 [main] INFO  [o.springframework.cloud.context.scope.GenericScope] GenericScope.java:295 - BeanFactory id=6753d12e-24fb-38df-a854-efd29d500318
2019-07-15 11:48:33,001 [main] INFO  [c.u.j.c.EnableEncryptablePropertiesBeanFactoryPostProcessor] EnableEncryptablePropertiesBeanFactoryPostProcessor.java:50 - Post-processing PropertySource instances
2019-07-15 11:48:33,019 [main] INFO  [c.u.j.EncryptablePropertySourceConverter] EncryptablePropertySourceConverter.java:38 - Converting PropertySource configurationProperties [org.springframework.boot.context.properties.source.ConfigurationPropertySourcesPropertySource] to AOP Proxy
2019-07-15 11:48:33,019 [main] INFO  [c.u.j.EncryptablePropertySourceConverter] EncryptablePropertySourceConverter.java:38 - Converting PropertySource servletConfigInitParams [org.springframework.core.env.PropertySource$StubPropertySource] to EncryptablePropertySourceWrapper
2019-07-15 11:48:33,020 [main] INFO  [c.u.j.EncryptablePropertySourceConverter] EncryptablePropertySourceConverter.java:38 - Converting PropertySource servletContextInitParams [org.springframework.core.env.PropertySource$StubPropertySource] to EncryptablePropertySourceWrapper
2019-07-15 11:48:33,020 [main] INFO  [c.u.j.EncryptablePropertySourceConverter] EncryptablePropertySourceConverter.java:38 - Converting PropertySource systemProperties [org.springframework.core.env.PropertiesPropertySource] to EncryptableMapPropertySourceWrapper
2019-07-15 11:48:33,020 [main] INFO  [c.u.j.EncryptablePropertySourceConverter] EncryptablePropertySourceConverter.java:38 - Converting PropertySource systemEnvironment [org.springframework.boot.env.SystemEnvironmentPropertySourceEnvironmentPostProcessor$OriginAwareSystemEnvironmentPropertySource] to EncryptableMapPropertySourceWrapper
2019-07-15 11:48:33,021 [main] INFO  [c.u.j.EncryptablePropertySourceConverter] EncryptablePropertySourceConverter.java:38 - Converting PropertySource random [org.springframework.boot.env.RandomValuePropertySource] to EncryptablePropertySourceWrapper
2019-07-15 11:48:33,021 [main] INFO  [c.u.j.EncryptablePropertySourceConverter] EncryptablePropertySourceConverter.java:38 - Converting PropertySource configServerClient [org.springframework.core.env.MapPropertySource] to EncryptableMapPropertySourceWrapper
2019-07-15 11:48:33,021 [main] INFO  [c.u.j.EncryptablePropertySourceConverter] EncryptablePropertySourceConverter.java:38 - Converting PropertySource springCloudClientHostInfo [org.springframework.core.env.MapPropertySource] to EncryptableMapPropertySourceWrapper
2019-07-15 11:48:33,022 [main] INFO  [c.u.j.EncryptablePropertySourceConverter] EncryptablePropertySourceConverter.java:38 - Converting PropertySource defaultProperties [org.springframework.core.env.MapPropertySource] to EncryptableMapPropertySourceWrapper
2019-07-15 11:48:33,035 [main] INFO  [c.u.j.filter.DefaultLazyPropertyFilter] DefaultLazyPropertyFilter.java:31 - Property Filter custom Bean not found with name 'encryptablePropertyFilter'. Initializing Default Property Filter
2019-07-15 11:48:33,361 [main] INFO  [o.s.c.s.PostProcessorRegistrationDelegate$BeanPostProcessorChecker] PostProcessorRegistrationDelegate.java:330 - Bean 'org.springframework.cloud.autoconfigure.ConfigurationPropertiesRebinderAutoConfiguration' of type [org.springframework.cloud.autoconfigure.ConfigurationPropertiesRebinderAutoConfiguration$$EnhancerBySpringCGLIB$$37052fbf] is not eligible for getting processed by all BeanPostProcessors (for example: not eligible for auto-proxying)
2019-07-15 11:48:33,790 [main] WARN  [io.undertow.websockets.jsr] Bootstrap.java:68 - UT026010: Buffer pool was not set on WebSocketDeploymentInfo, the default pool will be used
2019-07-15 11:48:33,816 [main] INFO  [io.undertow.servlet] ServletContextImpl.java:364 - Initializing Spring embedded WebApplicationContext
2019-07-15 11:48:33,817 [main] INFO  [org.springframework.web.context.ContextLoader] ServletWebServerApplicationContext.java:283 - Root WebApplicationContext: initialization completed in 1865 ms
2019-07-15 11:48:33,985 [main] WARN  [com.netflix.config.sources.URLConfigurationSource] URLConfigurationSource.java:121 - No URLs will be polled as dynamic configuration sources.
2019-07-15 11:48:33,986 [main] INFO  [com.netflix.config.sources.URLConfigurationSource] URLConfigurationSource.java:122 - To enable URLs as dynamic configuration sources, define System property archaius.configurationSource.additionalUrls or make config.properties available on classpath.
2019-07-15 11:48:34,002 [main] INFO  [com.netflix.config.DynamicPropertyFactory] DynamicPropertyFactory.java:281 - DynamicPropertyFactory is initialized with configuration sources: com.netflix.config.ConcurrentCompositeConfiguration@7ca16adc
2019-07-15 11:48:34,069 [main] INFO  [c.u.j.resolver.DefaultLazyPropertyResolver] DefaultLazyPropertyResolver.java:31 - Property Resolver custom Bean not found with name 'encryptablePropertyResolver'. Initializing Default Property Resolver
2019-07-15 11:48:34,070 [main] INFO  [c.u.j.detector.DefaultLazyPropertyDetector] DefaultLazyPropertyDetector.java:30 - Property Detector custom Bean not found with name 'encryptablePropertyDetector'. Initializing Default Property Detector
2019-07-15 11:48:35,645 [main] WARN  [com.netflix.config.sources.URLConfigurationSource] URLConfigurationSource.java:121 - No URLs will be polled as dynamic configuration sources.
2019-07-15 11:48:35,646 [main] INFO  [com.netflix.config.sources.URLConfigurationSource] URLConfigurationSource.java:122 - To enable URLs as dynamic configuration sources, define System property archaius.configurationSource.additionalUrls or make config.properties available on classpath.
2019-07-15 11:48:35,934 [main] INFO  [o.s.scheduling.concurrent.ThreadPoolTaskExecutor] ExecutorConfigurationSupport.java:171 - Initializing ExecutorService 'applicationTaskExecutor'
2019-07-15 11:48:36,921 [main] INFO  [o.s.b.actuate.endpoint.web.EndpointLinksResolver] EndpointLinksResolver.java:58 - Exposing 2 endpoint(s) beneath base path '/actuator'
2019-07-15 11:48:37,025 [main] INFO  [o.s.cloud.netflix.eureka.InstanceInfoFactory] InstanceInfoFactory.java:72 - Setting initial instance status as: STARTING
2019-07-15 11:48:37,062 [main] INFO  [com.netflix.discovery.DiscoveryClient] DiscoveryClient.java:365 - Initializing Eureka in region us-east-1
2019-07-15 11:48:37,144 [main] INFO  [c.n.discovery.provider.DiscoveryJerseyProvider] DiscoveryJerseyProvider.java:70 - Using JSON encoding codec LegacyJacksonJson
2019-07-15 11:48:37,144 [main] INFO  [c.n.discovery.provider.DiscoveryJerseyProvider] DiscoveryJerseyProvider.java:71 - Using JSON decoding codec LegacyJacksonJson
2019-07-15 11:48:37,272 [main] INFO  [c.n.discovery.provider.DiscoveryJerseyProvider] DiscoveryJerseyProvider.java:80 - Using XML encoding codec XStreamXml
2019-07-15 11:48:37,272 [main] INFO  [c.n.discovery.provider.DiscoveryJerseyProvider] DiscoveryJerseyProvider.java:81 - Using XML decoding codec XStreamXml
2019-07-15 11:48:37,452 [main] INFO  [c.n.d.shared.resolver.aws.ConfigClusterResolver] ConfigClusterResolver.java:43 - Resolving eureka endpoints via configuration
2019-07-15 11:48:37,544 [main] INFO  [com.netflix.discovery.DiscoveryClient] DiscoveryClient.java:976 - Disable delta property : false
2019-07-15 11:48:37,545 [main] INFO  [com.netflix.discovery.DiscoveryClient] DiscoveryClient.java:977 - Single vip registry refresh property : null
2019-07-15 11:48:37,546 [main] INFO  [com.netflix.discovery.DiscoveryClient] DiscoveryClient.java:978 - Force full registry fetch : false
2019-07-15 11:48:37,546 [main] INFO  [com.netflix.discovery.DiscoveryClient] DiscoveryClient.java:979 - Application is null : false
2019-07-15 11:48:37,547 [main] INFO  [com.netflix.discovery.DiscoveryClient] DiscoveryClient.java:980 - Registered Applications size is zero : true
2019-07-15 11:48:37,548 [main] INFO  [com.netflix.discovery.DiscoveryClient] DiscoveryClient.java:982 - Application version is -1: true
2019-07-15 11:48:37,548 [main] INFO  [com.netflix.discovery.DiscoveryClient] DiscoveryClient.java:1065 - Getting all instance registry info from the eureka server
2019-07-15 11:48:37,729 [main] INFO  [com.netflix.discovery.DiscoveryClient] DiscoveryClient.java:1074 - The response status is 200
2019-07-15 11:48:37,732 [main] INFO  [com.netflix.discovery.DiscoveryClient] DiscoveryClient.java:1288 - Starting heartbeat executor: renew interval is: 30
2019-07-15 11:48:37,736 [main] INFO  [com.netflix.discovery.InstanceInfoReplicator] InstanceInfoReplicator.java:60 - InstanceInfoReplicator onDemand update allowed rate per min is 4
2019-07-15 11:48:37,741 [main] INFO  [com.netflix.discovery.DiscoveryClient] DiscoveryClient.java:465 - Discovery Client initialized at timestamp 1563162517740 with initial instances count: 0
2019-07-15 11:48:37,749 [main] INFO  [o.s.c.n.e.serviceregistry.EurekaServiceRegistry] EurekaServiceRegistry.java:41 - Registering application CONFIG-CENTER with eureka with status UP
2019-07-15 11:48:37,751 [main] INFO  [com.netflix.discovery.DiscoveryClient] DiscoveryClient.java:1323 - Saw local status change event StatusChangeEvent [timestamp=1563162517751, current=UP, previous=STARTING]
2019-07-15 11:48:37,806 [main] INFO  [org.xnio] Xnio.java:104 - XNIO version 3.3.8.Final
2019-07-15 11:48:37,812 [DiscoveryClient-InstanceInfoReplicator-0] INFO  [com.netflix.discovery.DiscoveryClient] DiscoveryClient.java:844 - DiscoveryClient_CONFIG-CENTER/DESKTOP-GBQBQLK:config-center:8888: registering service...
2019-07-15 11:48:37,878 [main] INFO  [org.xnio.nio] NioXnio.java:55 - XNIO NIO Implementation Version 3.3.8.Final
2019-07-15 11:48:38,039 [main] INFO  [o.s.b.w.embedded.undertow.UndertowServletWebServer] UndertowServletWebServer.java:144 - Undertow started on port(s) 8888 (http) with context path ''
2019-07-15 11:48:38,041 [main] INFO  [o.s.c.n.e.s.EurekaAutoServiceRegistration] EurekaAutoServiceRegistration.java:145 - Updating port to 8888
2019-07-15 11:48:38,043 [main] INFO  [com.kj.config.center.ConfigApplication] StartupInfoLogger.java:59 - Started ConfigApplication in 7.337 seconds (JVM running for 7.791)
2019-07-15 11:48:38,113 [DiscoveryClient-InstanceInfoReplicator-0] INFO  [com.netflix.discovery.DiscoveryClient] DiscoveryClient.java:853 - DiscoveryClient_CONFIG-CENTER/DESKTOP-GBQBQLK:config-center:8888 - registration status: 204
2019-07-15 11:49:07,734 [DiscoveryClient-CacheRefreshExecutor-0] INFO  [com.netflix.discovery.DiscoveryClient] DiscoveryClient.java:976 - Disable delta property : false
2019-07-15 11:49:07,736 [DiscoveryClient-CacheRefreshExecutor-0] INFO  [com.netflix.discovery.DiscoveryClient] DiscoveryClient.java:977 - Single vip registry refresh property : null
2019-07-15 11:49:07,737 [DiscoveryClient-CacheRefreshExecutor-0] INFO  [com.netflix.discovery.DiscoveryClient] DiscoveryClient.java:978 - Force full registry fetch : false
2019-07-15 11:49:07,737 [DiscoveryClient-CacheRefreshExecutor-0] INFO  [com.netflix.discovery.DiscoveryClient] DiscoveryClient.java:979 - Application is null : false
2019-07-15 11:49:07,738 [DiscoveryClient-CacheRefreshExecutor-0] INFO  [com.netflix.discovery.DiscoveryClient] DiscoveryClient.java:980 - Registered Applications size is zero : true
2019-07-15 11:49:07,738 [DiscoveryClient-CacheRefreshExecutor-0] INFO  [com.netflix.discovery.DiscoveryClient] DiscoveryClient.java:982 - Application version is -1: false
2019-07-15 11:49:07,739 [DiscoveryClient-CacheRefreshExecutor-0] INFO  [com.netflix.discovery.DiscoveryClient] DiscoveryClient.java:1065 - Getting all instance registry info from the eureka server
2019-07-15 11:49:07,970 [DiscoveryClient-CacheRefreshExecutor-0] INFO  [com.netflix.discovery.DiscoveryClient] DiscoveryClient.java:1074 - The response status is 200
2019-07-15 11:49:37,478 [XNIO-1 task-1] INFO  [io.undertow.servlet] ServletContextImpl.java:364 - Initializing Spring DispatcherServlet 'dispatcherServlet'
2019-07-15 11:49:37,479 [XNIO-1 task-1] INFO  [org.springframework.web.servlet.DispatcherServlet] FrameworkServlet.java:524 - Initializing Servlet 'dispatcherServlet'
2019-07-15 11:49:37,497 [XNIO-1 task-1] INFO  [org.springframework.web.servlet.DispatcherServlet] FrameworkServlet.java:546 - Completed initialization in 18 ms
2019-07-15 11:49:44,181 [XNIO-1 task-1] INFO  [o.s.c.c.s.environment.NativeEnvironmentRepository] NativeEnvironmentRepository.java:266 - Adding property source: file:/C:/Users/ADMINI~1/AppData/Local/Temp/config-repo-8418334385814049357/local/admin-server-local.yml
2019-07-15 11:50:23,948 [XNIO-1 task-6] INFO  [o.s.c.c.s.environment.NativeEnvironmentRepository] NativeEnvironmentRepository.java:266 - Adding property source: file:/C:/Users/ADMINI~1/AppData/Local/Temp/config-repo-8418334385814049357/local/admin-server-local.yml
2019-07-15 11:53:37,553 [AsyncResolver-bootstrap-executor-0] INFO  [c.n.d.shared.resolver.aws.ConfigClusterResolver] ConfigClusterResolver.java:43 - Resolving eureka endpoints via configuration
2019-07-15 11:55:04,124 [XNIO-1 task-14] INFO  [o.s.c.c.s.environment.NativeEnvironmentRepository] NativeEnvironmentRepository.java:266 - Adding property source: file:/C:/Users/ADMINI~1/AppData/Local/Temp/config-repo-8418334385814049357/local/admin-server-local.yml
2019-07-15 11:55:04,928 [AsyncReporter{org.springframework.cloud.sleuth.zipkin2.sender.RestTemplateSender@357bc488}] INFO  [com.netflix.config.ChainedDynamicProperty] ChainedDynamicProperty.java:115 - Flipping property: localhost.ribbon.ActiveConnectionsLimit to use NEXT property: niws.loadbalancer.availabilityFilteringRule.activeConnectionsLimit = 2147483647
2019-07-15 11:55:04,963 [AsyncReporter{org.springframework.cloud.sleuth.zipkin2.sender.RestTemplateSender@357bc488}] INFO  [com.netflix.util.concurrent.ShutdownEnabledTimer] ShutdownEnabledTimer.java:58 - Shutdown hook installed for: NFLoadBalancer-PingTimer-localhost
2019-07-15 11:55:04,964 [AsyncReporter{org.springframework.cloud.sleuth.zipkin2.sender.RestTemplateSender@357bc488}] INFO  [com.netflix.loadbalancer.BaseLoadBalancer] BaseLoadBalancer.java:197 - Client: localhost instantiated a LoadBalancer: DynamicServerListLoadBalancer:{NFLoadBalancer:name=localhost,current list of Servers=[],Load balancer stats=Zone stats: {},Server stats: []}ServerList:null
2019-07-15 11:55:04,971 [AsyncReporter{org.springframework.cloud.sleuth.zipkin2.sender.RestTemplateSender@357bc488}] INFO  [c.n.loadbalancer.DynamicServerListLoadBalancer] DynamicServerListLoadBalancer.java:222 - Using serverListUpdater PollingServerListUpdater
2019-07-15 11:55:04,975 [AsyncReporter{org.springframework.cloud.sleuth.zipkin2.sender.RestTemplateSender@357bc488}] INFO  [c.n.loadbalancer.DynamicServerListLoadBalancer] DynamicServerListLoadBalancer.java:150 - DynamicServerListLoadBalancer for client localhost initialized: DynamicServerListLoadBalancer:{NFLoadBalancer:name=localhost,current list of Servers=[],Load balancer stats=Zone stats: {},Server stats: []}ServerList:org.springframework.cloud.netflix.ribbon.eureka.DomainExtractingServerList@24f5eab3
2019-07-15 11:55:40,550 [XNIO-1 task-15] INFO  [o.s.c.c.s.environment.NativeEnvironmentRepository] NativeEnvironmentRepository.java:266 - Adding property source: file:/C:/Users/ADMINI~1/AppData/Local/Temp/config-repo-8418334385814049357/local/admin-server-local.yml
2019-07-15 11:56:18,661 [XNIO-1 task-20] INFO  [o.s.c.c.s.environment.NativeEnvironmentRepository] NativeEnvironmentRepository.java:266 - Adding property source: file:/C:/Users/ADMINI~1/AppData/Local/Temp/config-repo-8418334385814049357/local/admin-server-local.yml
2019-07-15 11:56:30,248 [XNIO-1 task-21] WARN  [o.s.c.c.s.e.MultipleJGitEnvironmentRepository] JGitEnvironmentRepository.java:688 - Could not fetch remote for master remote: https://github.com/gunstofire/springcloud-config.git
2019-07-15 11:58:22,807 [XNIO-1 task-28] WARN  [o.s.c.c.s.e.MultipleJGitEnvironmentRepository] JGitEnvironmentRepository.java:688 - Could not fetch remote for master remote: https://github.com/gunstofire/springcloud-config.git
2019-07-15 11:58:37,555 [AsyncResolver-bootstrap-executor-0] INFO  [c.n.d.shared.resolver.aws.ConfigClusterResolver] ConfigClusterResolver.java:43 - Resolving eureka endpoints via configuration
2019-07-15 12:00:00,246 [XNIO-1 task-2] WARN  [o.s.c.c.s.e.MultipleJGitEnvironmentRepository] JGitEnvironmentRepository.java:688 - Could not fetch remote for master remote: https://github.com/gunstofire/springcloud-config.git
2019-07-15 12:01:39,402 [XNIO-1 task-8] INFO  [o.s.c.c.s.environment.NativeEnvironmentRepository] NativeEnvironmentRepository.java:266 - Adding property source: file:/C:/Users/ADMINI~1/AppData/Local/Temp/config-repo-8418334385814049357/local/admin-server-local.yml
2019-07-15 12:03:37,558 [AsyncResolver-bootstrap-executor-0] INFO  [c.n.d.shared.resolver.aws.ConfigClusterResolver] ConfigClusterResolver.java:43 - Resolving eureka endpoints via configuration
2019-07-15 12:06:59,193 [XNIO-1 task-28] INFO  [o.s.c.c.s.environment.NativeEnvironmentRepository] NativeEnvironmentRepository.java:266 - Adding property source: file:/C:/Users/ADMINI~1/AppData/Local/Temp/config-repo-8418334385814049357/local/admin-server-local.yml
2019-07-15 12:08:37,561 [AsyncResolver-bootstrap-executor-0] INFO  [c.n.d.shared.resolver.aws.ConfigClusterResolver] ConfigClusterResolver.java:43 - Resolving eureka endpoints via configuration
2019-07-15 12:12:19,324 [XNIO-1 task-16] INFO  [o.s.c.c.s.environment.NativeEnvironmentRepository] NativeEnvironmentRepository.java:266 - Adding property source: file:/C:/Users/ADMINI~1/AppData/Local/Temp/config-repo-8418334385814049357/local/admin-server-local.yml
2019-07-15 12:13:37,563 [AsyncResolver-bootstrap-executor-0] INFO  [c.n.d.shared.resolver.aws.ConfigClusterResolver] ConfigClusterResolver.java:43 - Resolving eureka endpoints via configuration
2019-07-15 12:17:20,953 [XNIO-1 task-2] INFO  [o.s.c.c.s.environment.NativeEnvironmentRepository] NativeEnvironmentRepository.java:266 - Adding property source: file:/C:/Users/ADMINI~1/AppData/Local/Temp/config-repo-8418334385814049357/local/admin-server-local.yml
2019-07-15 12:18:37,565 [AsyncResolver-bootstrap-executor-0] INFO  [c.n.d.shared.resolver.aws.ConfigClusterResolver] ConfigClusterResolver.java:43 - Resolving eureka endpoints via configuration
2019-07-15 12:22:42,908 [XNIO-1 task-22] INFO  [o.s.c.c.s.environment.NativeEnvironmentRepository] NativeEnvironmentRepository.java:266 - Adding property source: file:/C:/Users/ADMINI~1/AppData/Local/Temp/config-repo-8418334385814049357/local/admin-server-local.yml
2019-07-15 12:23:37,567 [AsyncResolver-bootstrap-executor-0] INFO  [c.n.d.shared.resolver.aws.ConfigClusterResolver] ConfigClusterResolver.java:43 - Resolving eureka endpoints via configuration
2019-07-15 12:27:58,709 [XNIO-1 task-10] INFO  [o.s.c.c.s.environment.NativeEnvironmentRepository] NativeEnvironmentRepository.java:266 - Adding property source: file:/C:/Users/ADMINI~1/AppData/Local/Temp/config-repo-8418334385814049357/local/admin-server-local.yml
2019-07-15 12:28:37,569 [AsyncResolver-bootstrap-executor-0] INFO  [c.n.d.shared.resolver.aws.ConfigClusterResolver] ConfigClusterResolver.java:43 - Resolving eureka endpoints via configuration
2019-07-15 12:33:19,455 [XNIO-1 task-29] INFO  [o.s.c.c.s.environment.NativeEnvironmentRepository] NativeEnvironmentRepository.java:266 - Adding property source: file:/C:/Users/ADMINI~1/AppData/Local/Temp/config-repo-8418334385814049357/local/admin-server-local.yml
2019-07-15 12:33:37,572 [AsyncResolver-bootstrap-executor-0] INFO  [c.n.d.shared.resolver.aws.ConfigClusterResolver] ConfigClusterResolver.java:43 - Resolving eureka endpoints via configuration
2019-07-15 12:34:40,238 [XNIO-1 task-2] WARN  [o.s.c.c.s.e.MultipleJGitEnvironmentRepository] JGitEnvironmentRepository.java:688 - Could not fetch remote for master remote: https://github.com/gunstofire/springcloud-config.git
2019-07-15 12:37:00,242 [XNIO-1 task-10] WARN  [o.s.c.c.s.e.MultipleJGitEnvironmentRepository] JGitEnvironmentRepository.java:688 - Could not fetch remote for master remote: https://github.com/gunstofire/springcloud-config.git
2019-07-15 12:38:37,574 [AsyncResolver-bootstrap-executor-0] INFO  [c.n.d.shared.resolver.aws.ConfigClusterResolver] ConfigClusterResolver.java:43 - Resolving eureka endpoints via configuration
2019-07-15 12:38:38,759 [XNIO-1 task-17] INFO  [o.s.c.c.s.environment.NativeEnvironmentRepository] NativeEnvironmentRepository.java:266 - Adding property source: file:/C:/Users/ADMINI~1/AppData/Local/Temp/config-repo-8418334385814049357/local/admin-server-local.yml
2019-07-15 12:43:37,576 [AsyncResolver-bootstrap-executor-0] INFO  [c.n.d.shared.resolver.aws.ConfigClusterResolver] ConfigClusterResolver.java:43 - Resolving eureka endpoints via configuration
2019-07-15 12:43:59,151 [XNIO-1 task-5] INFO  [o.s.c.c.s.environment.NativeEnvironmentRepository] NativeEnvironmentRepository.java:266 - Adding property source: file:/C:/Users/ADMINI~1/AppData/Local/Temp/config-repo-8418334385814049357/local/admin-server-local.yml
2019-07-15 12:48:37,577 [AsyncResolver-bootstrap-executor-0] INFO  [c.n.d.shared.resolver.aws.ConfigClusterResolver] ConfigClusterResolver.java:43 - Resolving eureka endpoints via configuration
2019-07-15 12:49:20,914 [XNIO-1 task-24] INFO  [o.s.c.c.s.environment.NativeEnvironmentRepository] NativeEnvironmentRepository.java:266 - Adding property source: file:/C:/Users/ADMINI~1/AppData/Local/Temp/config-repo-8418334385814049357/local/admin-server-local.yml
2019-07-15 12:53:37,580 [AsyncResolver-bootstrap-executor-0] INFO  [c.n.d.shared.resolver.aws.ConfigClusterResolver] ConfigClusterResolver.java:43 - Resolving eureka endpoints via configuration
2019-07-15 12:54:21,579 [XNIO-1 task-11] INFO  [o.s.c.c.s.environment.NativeEnvironmentRepository] NativeEnvironmentRepository.java:266 - Adding property source: file:/C:/Users/ADMINI~1/AppData/Local/Temp/config-repo-8418334385814049357/local/admin-server-local.yml
2019-07-15 12:58:37,582 [AsyncResolver-bootstrap-executor-0] INFO  [c.n.d.shared.resolver.aws.ConfigClusterResolver] ConfigClusterResolver.java:43 - Resolving eureka endpoints via configuration
2019-07-15 12:59:38,995 [XNIO-1 task-30] INFO  [o.s.c.c.s.environment.NativeEnvironmentRepository] NativeEnvironmentRepository.java:266 - Adding property source: file:/C:/Users/ADMINI~1/AppData/Local/Temp/config-repo-8418334385814049357/local/admin-server-local.yml
2019-07-15 13:03:37,585 [AsyncResolver-bootstrap-executor-0] INFO  [c.n.d.shared.resolver.aws.ConfigClusterResolver] ConfigClusterResolver.java:43 - Resolving eureka endpoints via configuration
2019-07-15 13:04:38,975 [XNIO-1 task-17] INFO  [o.s.c.c.s.environment.NativeEnvironmentRepository] NativeEnvironmentRepository.java:266 - Adding property source: file:/C:/Users/ADMINI~1/AppData/Local/Temp/config-repo-8418334385814049357/local/admin-server-local.yml
2019-07-15 13:07:22,680 [XNIO-1 task-26] WARN  [o.s.c.c.s.e.MultipleJGitEnvironmentRepository] JGitEnvironmentRepository.java:688 - Could not fetch remote for master remote: https://github.com/gunstofire/springcloud-config.git
2019-07-15 13:08:37,587 [AsyncResolver-bootstrap-executor-0] INFO  [c.n.d.shared.resolver.aws.ConfigClusterResolver] ConfigClusterResolver.java:43 - Resolving eureka endpoints via configuration
2019-07-15 13:09:59,315 [XNIO-1 task-5] INFO  [o.s.c.c.s.environment.NativeEnvironmentRepository] NativeEnvironmentRepository.java:266 - Adding property source: file:/C:/Users/ADMINI~1/AppData/Local/Temp/config-repo-8418334385814049357/local/admin-server-local.yml
2019-07-15 13:13:37,590 [AsyncResolver-bootstrap-executor-0] INFO  [c.n.d.shared.resolver.aws.ConfigClusterResolver] ConfigClusterResolver.java:43 - Resolving eureka endpoints via configuration
2019-07-15 13:15:18,746 [XNIO-1 task-24] INFO  [o.s.c.c.s.environment.NativeEnvironmentRepository] NativeEnvironmentRepository.java:266 - Adding property source: file:/C:/Users/ADMINI~1/AppData/Local/Temp/config-repo-8418334385814049357/local/admin-server-local.yml
2019-07-15 13:18:37,592 [AsyncResolver-bootstrap-executor-0] INFO  [c.n.d.shared.resolver.aws.ConfigClusterResolver] ConfigClusterResolver.java:43 - Resolving eureka endpoints via configuration
2019-07-15 13:20:20,568 [XNIO-1 task-11] INFO  [o.s.c.c.s.environment.NativeEnvironmentRepository] NativeEnvironmentRepository.java:266 - Adding property source: file:/C:/Users/ADMINI~1/AppData/Local/Temp/config-repo-8418334385814049357/local/admin-server-local.yml
2019-07-15 13:23:37,594 [AsyncResolver-bootstrap-executor-0] INFO  [c.n.d.shared.resolver.aws.ConfigClusterResolver] ConfigClusterResolver.java:43 - Resolving eureka endpoints via configuration
2019-07-15 13:25:20,235 [XNIO-1 task-28] WARN  [o.s.c.c.s.e.MultipleJGitEnvironmentRepository] JGitEnvironmentRepository.java:688 - Could not fetch remote for master remote: https://github.com/gunstofire/springcloud-config.git
2019-07-15 13:25:25,385 [XNIO-1 task-29] WARN  [o.s.c.c.s.e.MultipleJGitEnvironmentRepository] JGitEnvironmentRepository.java:688 - Could not fetch remote for master remote: https://github.com/gunstofire/springcloud-config.git
2019-07-15 13:25:25,558 [XNIO-1 task-29] INFO  [o.s.c.c.s.environment.NativeEnvironmentRepository] NativeEnvironmentRepository.java:266 - Adding property source: file:/C:/Users/ADMINI~1/AppData/Local/Temp/config-repo-8418334385814049357/local/admin-server-local.yml
2019-07-15 13:25:40,224 [XNIO-1 task-30] WARN  [o.s.c.c.s.e.MultipleJGitEnvironmentRepository] JGitEnvironmentRepository.java:688 - Could not fetch remote for master remote: https://github.com/gunstofire/springcloud-config.git
2019-07-15 13:26:02,993 [XNIO-1 task-32] WARN  [o.s.c.c.s.e.MultipleJGitEnvironmentRepository] JGitEnvironmentRepository.java:688 - Could not fetch remote for master remote: https://github.com/gunstofire/springcloud-config.git
2019-07-15 13:26:20,275 [XNIO-1 task-1] WARN  [o.s.c.c.s.e.MultipleJGitEnvironmentRepository] JGitEnvironmentRepository.java:688 - Could not fetch remote for master remote: https://github.com/gunstofire/springcloud-config.git
2019-07-15 13:26:40,232 [XNIO-1 task-2] WARN  [o.s.c.c.s.e.MultipleJGitEnvironmentRepository] JGitEnvironmentRepository.java:688 - Could not fetch remote for master remote: https://github.com/gunstofire/springcloud-config.git
2019-07-15 13:28:37,597 [AsyncResolver-bootstrap-executor-0] INFO  [c.n.d.shared.resolver.aws.ConfigClusterResolver] ConfigClusterResolver.java:43 - Resolving eureka endpoints via configuration
2019-07-15 13:30:27,143 [XNIO-1 task-16] INFO  [o.s.c.c.s.environment.NativeEnvironmentRepository] NativeEnvironmentRepository.java:266 - Adding property source: file:/C:/Users/ADMINI~1/AppData/Local/Temp/config-repo-8418334385814049357/local/admin-server-local.yml
2019-07-15 13:33:37,600 [AsyncResolver-bootstrap-executor-0] INFO  [c.n.d.shared.resolver.aws.ConfigClusterResolver] ConfigClusterResolver.java:43 - Resolving eureka endpoints via configuration
2019-07-15 13:35:27,420 [XNIO-1 task-2] INFO  [o.s.c.c.s.environment.NativeEnvironmentRepository] NativeEnvironmentRepository.java:266 - Adding property source: file:/C:/Users/ADMINI~1/AppData/Local/Temp/config-repo-8418334385814049357/local/admin-server-local.yml
2019-07-15 13:38:37,602 [AsyncResolver-bootstrap-executor-0] INFO  [c.n.d.shared.resolver.aws.ConfigClusterResolver] ConfigClusterResolver.java:43 - Resolving eureka endpoints via configuration
2019-07-15 13:40:47,099 [XNIO-1 task-22] INFO  [o.s.c.c.s.environment.NativeEnvironmentRepository] NativeEnvironmentRepository.java:266 - Adding property source: file:/C:/Users/ADMINI~1/AppData/Local/Temp/config-repo-8418334385814049357/local/admin-server-local.yml
2019-07-15 13:43:37,604 [AsyncResolver-bootstrap-executor-0] INFO  [c.n.d.shared.resolver.aws.ConfigClusterResolver] ConfigClusterResolver.java:43 - Resolving eureka endpoints via configuration
2019-07-15 13:45:06,562 [XNIO-1 task-6] INFO  [o.s.c.c.s.environment.NativeEnvironmentRepository] NativeEnvironmentRepository.java:266 - Adding property source: file:/C:/Users/ADMINI~1/AppData/Local/Temp/config-repo-8418334385814049357/local/admin-server-local.yml
2019-07-15 13:45:46,983 [XNIO-1 task-12] INFO  [o.s.c.c.s.environment.NativeEnvironmentRepository] NativeEnvironmentRepository.java:266 - Adding property source: file:/C:/Users/ADMINI~1/AppData/Local/Temp/config-repo-8418334385814049357/local/admin-server-local.yml
2019-07-15 13:48:37,654 [AsyncResolver-bootstrap-executor-0] INFO  [c.n.d.shared.resolver.aws.ConfigClusterResolver] ConfigClusterResolver.java:43 - Resolving eureka endpoints via configuration
2019-07-15 13:51:08,289 [XNIO-1 task-31] INFO  [o.s.c.c.s.environment.NativeEnvironmentRepository] NativeEnvironmentRepository.java:266 - Adding property source: file:/C:/Users/ADMINI~1/AppData/Local/Temp/config-repo-8418334385814049357/local/admin-server-local.yml
2019-07-15 13:51:08,298 [XNIO-1 task-31] ERROR [o.s.c.sleuth.instrument.web.ExceptionLoggingFilter] ExceptionLoggingFilter.java:54 - Uncaught exception thrown
java.io.IOException: 远程主机强迫关闭了一个现有的连接。
	at sun.nio.ch.SocketDispatcher.writev0(Native Method)
	at sun.nio.ch.SocketDispatcher.writev(SocketDispatcher.java:55)
	at sun.nio.ch.IOUtil.write(IOUtil.java:148)
	at sun.nio.ch.SocketChannelImpl.write(SocketChannelImpl.java:504)
	at org.xnio.nio.NioSocketConduit.write(NioSocketConduit.java:184)
	at io.undertow.server.protocol.http.HttpResponseConduit.processWrite(HttpResponseConduit.java:259)
	at io.undertow.server.protocol.http.HttpResponseConduit.write(HttpResponseConduit.java:634)
	at io.undertow.conduits.ChunkedStreamSinkConduit.doWrite(ChunkedStreamSinkConduit.java:166)
	at io.undertow.conduits.ChunkedStreamSinkConduit.write(ChunkedStreamSinkConduit.java:128)
	at org.xnio.conduits.ConduitStreamSinkChannel.write(ConduitStreamSinkChannel.java:150)
	at io.undertow.channels.DetachableStreamSinkChannel.write(DetachableStreamSinkChannel.java:240)
	at io.undertow.server.HttpServerExchange$WriteDispatchChannel.write(HttpServerExchange.java:2105)
	at io.undertow.servlet.spec.ServletOutputStreamImpl.writeBufferBlocking(ServletOutputStreamImpl.java:574)
	at io.undertow.servlet.spec.ServletOutputStreamImpl.flushInternal(ServletOutputStreamImpl.java:489)
	at io.undertow.servlet.spec.ServletOutputStreamImpl.flush(ServletOutputStreamImpl.java:476)
	at com.fasterxml.jackson.core.json.UTF8JsonGenerator.flush(UTF8JsonGenerator.java:1100)
	at com.fasterxml.jackson.databind.ObjectWriter.writeValue(ObjectWriter.java:915)
	at org.springframework.http.converter.json.AbstractJackson2HttpMessageConverter.writeInternal(AbstractJackson2HttpMessageConverter.java:287)
	at org.springframework.http.converter.AbstractGenericHttpMessageConverter.write(AbstractGenericHttpMessageConverter.java:103)
	at org.springframework.web.servlet.mvc.method.annotation.AbstractMessageConverterMethodProcessor.writeWithMessageConverters(AbstractMessageConverterMethodProcessor.java:290)
	at org.springframework.web.servlet.mvc.method.annotation.RequestResponseBodyMethodProcessor.handleReturnValue(RequestResponseBodyMethodProcessor.java:180)
	at org.springframework.web.method.support.HandlerMethodReturnValueHandlerComposite.handleReturnValue(HandlerMethodReturnValueHandlerComposite.java:82)
	at org.springframework.web.servlet.mvc.method.annotation.ServletInvocableHandlerMethod.invokeAndHandle(ServletInvocableHandlerMethod.java:122)
	at org.springframework.web.servlet.mvc.method.annotation.RequestMappingHandlerAdapter.invokeHandlerMethod(RequestMappingHandlerAdapter.java:892)
	at org.springframework.web.servlet.mvc.method.annotation.RequestMappingHandlerAdapter.handleInternal(RequestMappingHandlerAdapter.java:797)
	at org.springframework.web.servlet.mvc.method.AbstractHandlerMethodAdapter.handle(AbstractHandlerMethodAdapter.java:87)
	at org.springframework.web.servlet.DispatcherServlet.doDispatch(DispatcherServlet.java:1039)
	at org.springframework.web.servlet.DispatcherServlet.doService(DispatcherServlet.java:942)
	at org.springframework.web.servlet.FrameworkServlet.processRequest(FrameworkServlet.java:1005)
	at org.springframework.web.servlet.FrameworkServlet.doGet(FrameworkServlet.java:897)
	at javax.servlet.http.HttpServlet.service(HttpServlet.java:645)
	at org.springframework.web.servlet.FrameworkServlet.service(FrameworkServlet.java:882)
	at javax.servlet.http.HttpServlet.service(HttpServlet.java:750)
	at io.undertow.servlet.handlers.ServletHandler.handleRequest(ServletHandler.java:74)
	at io.undertow.servlet.handlers.FilterHandler$FilterChainImpl.doFilter(FilterHandler.java:129)
	at org.springframework.boot.actuate.web.trace.servlet.HttpTraceFilter.doFilterInternal(HttpTraceFilter.java:88)
	at org.springframework.web.filter.OncePerRequestFilter.doFilter(OncePerRequestFilter.java:109)
	at io.undertow.servlet.core.ManagedFilter.doFilter(ManagedFilter.java:61)
	at io.undertow.servlet.handlers.FilterHandler$FilterChainImpl.doFilter(FilterHandler.java:131)
	at org.springframework.web.filter.RequestContextFilter.doFilterInternal(RequestContextFilter.java:99)
	at org.springframework.web.filter.OncePerRequestFilter.doFilter(OncePerRequestFilter.java:109)
	at io.undertow.servlet.core.ManagedFilter.doFilter(ManagedFilter.java:61)
	at io.undertow.servlet.handlers.FilterHandler$FilterChainImpl.doFilter(FilterHandler.java:131)
	at org.springframework.web.filter.FormContentFilter.doFilterInternal(FormContentFilter.java:92)
	at org.springframework.web.filter.OncePerRequestFilter.doFilter(OncePerRequestFilter.java:109)
	at io.undertow.servlet.core.ManagedFilter.doFilter(ManagedFilter.java:61)
	at io.undertow.servlet.handlers.FilterHandler$FilterChainImpl.doFilter(FilterHandler.java:131)
	at org.springframework.web.filter.HiddenHttpMethodFilter.doFilterInternal(HiddenHttpMethodFilter.java:93)
	at org.springframework.web.filter.OncePerRequestFilter.doFilter(OncePerRequestFilter.java:109)
	at io.undertow.servlet.core.ManagedFilter.doFilter(ManagedFilter.java:61)
	at io.undertow.servlet.handlers.FilterHandler$FilterChainImpl.doFilter(FilterHandler.java:131)
	at org.springframework.cloud.sleuth.instrument.web.ExceptionLoggingFilter.doFilter(ExceptionLoggingFilter.java:50)
	at io.undertow.servlet.core.ManagedFilter.doFilter(ManagedFilter.java:61)
	at io.undertow.servlet.handlers.FilterHandler$FilterChainImpl.doFilter(FilterHandler.java:131)
	at brave.servlet.TracingFilter.doFilter(TracingFilter.java:99)
	at io.undertow.servlet.core.ManagedFilter.doFilter(ManagedFilter.java:61)
	at io.undertow.servlet.handlers.FilterHandler$FilterChainImpl.doFilter(FilterHandler.java:131)
	at org.springframework.boot.actuate.metrics.web.servlet.WebMvcMetricsFilter.filterAndRecordMetrics(WebMvcMetricsFilter.java:114)
	at org.springframework.boot.actuate.metrics.web.servlet.WebMvcMetricsFilter.doFilterInternal(WebMvcMetricsFilter.java:104)
	at org.springframework.web.filter.OncePerRequestFilter.doFilter(OncePerRequestFilter.java:109)
	at io.undertow.servlet.core.ManagedFilter.doFilter(ManagedFilter.java:61)
	at io.undertow.servlet.handlers.FilterHandler$FilterChainImpl.doFilter(FilterHandler.java:131)
	at org.springframework.web.filter.CharacterEncodingFilter.doFilterInternal(CharacterEncodingFilter.java:200)
	at org.springframework.web.filter.OncePerRequestFilter.doFilter(OncePerRequestFilter.java:109)
	at io.undertow.servlet.core.ManagedFilter.doFilter(ManagedFilter.java:61)
	at io.undertow.servlet.handlers.FilterHandler$FilterChainImpl.doFilter(FilterHandler.java:131)
	at io.undertow.servlet.handlers.FilterHandler.handleRequest(FilterHandler.java:84)
	at io.undertow.servlet.handlers.security.ServletSecurityRoleHandler.handleRequest(ServletSecurityRoleHandler.java:62)
	at io.undertow.servlet.handlers.ServletChain$1.handleRequest(ServletChain.java:68)
	at io.undertow.servlet.handlers.ServletDispatchingHandler.handleRequest(ServletDispatchingHandler.java:36)
	at io.undertow.servlet.handlers.security.SSLInformationAssociationHandler.handleRequest(SSLInformationAssociationHandler.java:132)
	at io.undertow.servlet.handlers.security.ServletAuthenticationCallHandler.handleRequest(ServletAuthenticationCallHandler.java:57)
	at io.undertow.server.handlers.PredicateHandler.handleRequest(PredicateHandler.java:43)
	at io.undertow.security.handlers.AbstractConfidentialityHandler.handleRequest(AbstractConfidentialityHandler.java:46)
	at io.undertow.servlet.handlers.security.ServletConfidentialityConstraintHandler.handleRequest(ServletConfidentialityConstraintHandler.java:64)
	at io.undertow.security.handlers.AuthenticationMechanismsHandler.handleRequest(AuthenticationMechanismsHandler.java:60)
	at io.undertow.servlet.handlers.security.CachedAuthenticatedSessionHandler.handleRequest(CachedAuthenticatedSessionHandler.java:77)
	at io.undertow.security.handlers.AbstractSecurityContextAssociationHandler.handleRequest(AbstractSecurityContextAssociationHandler.java:43)
	at io.undertow.server.handlers.PredicateHandler.handleRequest(PredicateHandler.java:43)
	at io.undertow.server.handlers.PredicateHandler.handleRequest(PredicateHandler.java:43)
	at io.undertow.servlet.handlers.ServletInitialHandler.handleFirstRequest(ServletInitialHandler.java:292)
	at io.undertow.servlet.handlers.ServletInitialHandler.access$100(ServletInitialHandler.java:81)
	at io.undertow.servlet.handlers.ServletInitialHandler$2.call(ServletInitialHandler.java:138)
	at io.undertow.servlet.handlers.ServletInitialHandler$2.call(ServletInitialHandler.java:135)
	at io.undertow.servlet.core.ServletRequestContextThreadSetupAction$1.call(ServletRequestContextThreadSetupAction.java:48)
	at io.undertow.servlet.core.ContextClassLoaderSetupAction$1.call(ContextClassLoaderSetupAction.java:43)
	at io.undertow.servlet.handlers.ServletInitialHandler.dispatchRequest(ServletInitialHandler.java:272)
	at io.undertow.servlet.handlers.ServletInitialHandler.access$000(ServletInitialHandler.java:81)
	at io.undertow.servlet.handlers.ServletInitialHandler$1.handleRequest(ServletInitialHandler.java:104)
	at io.undertow.server.Connectors.executeRootHandler(Connectors.java:364)
	at io.undertow.server.HttpServerExchange$1.run(HttpServerExchange.java:830)
	at java.util.concurrent.ThreadPoolExecutor.runWorker(ThreadPoolExecutor.java:1142)
	at java.util.concurrent.ThreadPoolExecutor$Worker.run(ThreadPoolExecutor.java:617)
	at java.lang.Thread.run(Thread.java:745)
